Change Component Footprint: Designator=C2 Old Footprint=CAP0805 New Footprint=CAP1206 (HS)
Change Component Footprint: Designator=C4 Old Footprint=CAP0805 New Footprint=CAP1206 (HS)
Change Component Footprint: Designator=C7 Old Footprint=CAP0805 New Footprint=CAP1206 (HS)
Change Component Footprint: Designator=C9 Old Footprint=CAP0805 New Footprint=CAP1206 (HS)
Change Component Footprint: Designator=C101 Old Footprint=CAP0805 New Footprint=CAP1206 (HS)
Change Component Footprint: Designator=C102 Old Footprint=CAP0805 New Footprint=CAP1206 (HS)
Change Component Footprint: Designator=C201 Old Footprint=CAP0805 New Footprint=CAP1206 (HS)
Change Component Footprint: Designator=C202 Old Footprint=CAP0805 New Footprint=CAP1206 (HS)
Change Component Footprint: Designator=C203 Old Footprint=CAP0805 New Footprint=CAP1206 (HS)
Change Component Footprint: Designator=L101 Old Footprint=IND806 New Footprint=IND1206 (HS)
Change Component Footprint: Designator=R1 Old Footprint=RES0805 New Footprint=RES1206 (HS)
Change Component Footprint: Designator=R2 Old Footprint=RES0805 New Footprint=RES1206 (HS)
Change Component Footprint: Designator=R3 Old Footprint=RES0805 New Footprint=RES1206 (HS)
Change Component Footprint: Designator=R4 Old Footprint=RES0805 New Footprint=RES1206 (HS)
Change Component Footprint: Designator=R5 Old Footprint=RES0805 New Footprint=RES1206 (HS)
Change Component Footprint: Designator=R6 Old Footprint=RES0805 New Footprint=RES1206 (HS)
Change Component Footprint: Designator=R101 Old Footprint=RES0805 New Footprint=RES1206 (HS)
Change Component Footprint: Designator=R102 Old Footprint=RES0805 New Footprint=RES1206 (HS)
Added Member To Class: ClassName=AdcPmodWM8782 Member=Component C1 10 uF
Added Member To Class: ClassName=AdcPmodWM8782 Member=Component C2 
Added Member To Class: ClassName=AdcPmodWM8782 Member=Component C3 10 uF
Added Member To Class: ClassName=AdcPmodWM8782 Member=Component C4 
Added Member To Class: ClassName=AdcPmodWM8782 Member=Component C5 10 uF
Added Member To Class: ClassName=AdcPmodWM8782 Member=Component C6 10 uF
Added Member To Class: ClassName=AdcPmodWM8782 Member=Component C7 
Added Member To Class: ClassName=AdcPmodWM8782 Member=Component C8 10 uF
Added Member To Class: ClassName=AdcPmodWM8782 Member=Component C9 
Added Member To Class: ClassName=AdcPmodWM8782 Member=Component C10 10 uF
Added Member To Class: ClassName=AdcPmodWM8782 Member=Component C101 
Added Member To Class: ClassName=AdcPmodWM8782 Member=Component C102 
Added Member To Class: ClassName=AdcPmodWM8782 Member=Component C201 
Added Member To Class: ClassName=AdcPmodWM8782 Member=Component C202 
Added Member To Class: ClassName=AdcPmodWM8782 Member=Component C203 
Added Member To Class: ClassName=AdcPmodWM8782 Member=Component IC100 TPS6107x
Added Member To Class: ClassName=AdcPmodWM8782 Member=Component IC200 TPS730x
Added Member To Class: ClassName=AdcPmodWM8782 Member=Component L101 4.7uH
Added Member To Class: ClassName=AdcPmodWM8782 Member=Component L_CH RCA
Added Member To Class: ClassName=AdcPmodWM8782 Member=Component P1 Header 6X2A
Added Member To Class: ClassName=AdcPmodWM8782 Member=Component R1 10k
Added Member To Class: ClassName=AdcPmodWM8782 Member=Component R2 10k
Added Member To Class: ClassName=AdcPmodWM8782 Member=Component R3 5k
Added Member To Class: ClassName=AdcPmodWM8782 Member=Component R4 3.3k
Added Member To Class: ClassName=AdcPmodWM8782 Member=Component R5 10k
Added Member To Class: ClassName=AdcPmodWM8782 Member=Component R6 5k
Added Member To Class: ClassName=AdcPmodWM8782 Member=Component R101 1.8M
Added Member To Class: ClassName=AdcPmodWM8782 Member=Component R102 200k
Added Member To Class: ClassName=AdcPmodWM8782 Member=Component R_CH RCA
Added Member To Class: ClassName=AdcPmodWM8782 Member=Component U1 WM8782
Added Room: Name=AdcPmodWM8782
